Build started 7/8/2014 5:05:11 PM.
     1>Project "C:\Users\Isaac Shure\Documents\Visual Studio 2010\Projects\Prime Factor Generator\Prime Factor Generator\Prime Factor Generator.vcxproj" on node 2 (build target(s)).
     1>InitializeBuildStatus:
         Creating "Debug\Prime Number Generator.unsuccessfulbuild" because "AlwaysCreate" was specified.
       ClCompile:
         C:\Program Files (x86)\Microsoft Visual Studio 10.0\VC\bin\CL.exe /c /ZI /nologo /W3 /WX- /Od /Oy- /D _MBCS /Gm /EHsc /RTC1 /MDd /GS /fp:precise /Zc:wchar_t /Zc:forScope /Fo"Debug\\" /Fd"Debug\vc100.pdb" /Gd /TP /analyze- /errorReport:prompt mersenne.cpp
         mersenne.cpp
       Link:
         C:\Program Files (x86)\Microsoft Visual Studio 10.0\VC\bin\link.exe /ERRORREPORT:PROMPT /OUT:"C:\Users\Isaac Shure\Documents\Visual Studio 2010\Projects\Prime Factor Generator\Debug\Prime Number Generator.exe" /NOLOGO kernel32.lib user32.lib gdi32.lib winspool.lib comdlg32.lib advapi32.lib shell32.lib ole32.lib oleaut32.lib uuid.lib odbc32.lib odbccp32.lib /MANIFEST /ManifestFile:"Debug\Prime Number Generator.exe.intermediate.manifest" /MANIFESTUAC:"level='asInvoker' uiAccess='false'" /DEBUG /PDB:"C:\Users\Isaac Shure\Documents\Visual Studio 2010\Projects\Prime Factor Generator\Debug\Prime Number Generator.pdb" /TLBID:1 /DYNAMICBASE /NXCOMPAT /IMPLIB:"C:\Users\Isaac Shure\Documents\Visual Studio 2010\Projects\Prime Factor Generator\Debug\Prime Number Generator.lib" /MACHINE:X86 Debug\allPrimes.obj
         Debug\menu.obj
         Debug\mersenne.obj
         LINK : C:\Users\Isaac Shure\Documents\Visual Studio 2010\Projects\Prime Factor Generator\Debug\Prime Number Generator.exe not found or not built by the last incremental link; performing full link
         Prime Factor Generator.vcxproj -> C:\Users\Isaac Shure\Documents\Visual Studio 2010\Projects\Prime Factor Generator\Debug\Prime Number Generator.exe
       Manifest:
         C:\Program Files (x86)\Microsoft SDKs\Windows\v7.0A\bin\mt.exe /nologo /verbose /outputresource:"C:\Users\Isaac Shure\Documents\Visual Studio 2010\Projects\Prime Factor Generator\Debug\Prime Number Generator.exe;#1" /manifest "Debug\Prime Number Generator.exe.intermediate.manifest"
       FinalizeBuildStatus:
         Deleting file "Debug\Prime Number Generator.unsuccessfulbuild".
         Touching "Debug\Prime Number Generator.lastbuildstate".
     1>Done Building Project "C:\Users\Isaac Shure\Documents\Visual Studio 2010\Projects\Prime Factor Generator\Prime Factor Generator\Prime Factor Generator.vcxproj" (build target(s)).

Build succeeded.

Time Elapsed 00:00:00.62
